\BOOKMARK [0][-]{section*.2}{List of Tables}{}% 1
\BOOKMARK [0][-]{section*.4}{List of Figures}{}% 2
\BOOKMARK [0][-]{chapter.1}{Introduction}{}% 3
\BOOKMARK [1][-]{section.1.1}{Problem and Motivation}{chapter.1}% 4
\BOOKMARK [1][-]{section.1.2}{Our Contribution}{chapter.1}% 5
\BOOKMARK [1][-]{section.1.3}{Thesis Organization}{chapter.1}% 6
\BOOKMARK [0][-]{chapter.2}{Literature Review}{}% 7
\BOOKMARK [1][-]{section.2.1}{Black Hole Search, BHS}{chapter.2}% 8
\BOOKMARK [1][-]{section.2.2}{Intruder Capture}{chapter.2}% 9
\BOOKMARK [1][-]{section.2.3}{Agent Capabilities}{chapter.2}% 10
\BOOKMARK [1][-]{section.2.4}{Black Virus Decontamination}{chapter.2}% 11
\BOOKMARK [2][-]{subsection.2.4.1}{Overview}{section.2.4}% 12
\BOOKMARK [2][-]{subsection.2.4.2}{BVD in different topologies}{section.2.4}% 13
\BOOKMARK [0][-]{chapter.3}{Definitions and Terminology}{}% 14
\BOOKMARK [1][-]{section.3.1}{Model}{chapter.3}% 15
\BOOKMARK [2][-]{subsection.3.1.1}{Network, Agent, Black Virus}{section.3.1}% 16
\BOOKMARK [2][-]{subsection.3.1.2}{Problem and Cost Measures}{section.3.1}% 17
\BOOKMARK [2][-]{subsection.3.1.3}{Monotonicity and Synchrony}{section.3.1}% 18
\BOOKMARK [1][-]{section.3.2}{ General strategy}{chapter.3}% 19
\BOOKMARK [0][-]{chapter.4}{Parallel Black Virus Decontamination in Meshes and Tori}{}% 20
\BOOKMARK [1][-]{section.4.1}{Introduction}{chapter.4}% 21
\BOOKMARK [1][-]{section.4.2}{Parallel BV Decontamination of Grids}{chapter.4}% 22
\BOOKMARK [2][-]{subsection.4.2.1}{Base Case: 2-Dimensional Grid}{section.4.2}% 23
\BOOKMARK [2][-]{subsection.4.2.2}{Multi-Dimensional Grid}{section.4.2}% 24
\BOOKMARK [2][-]{subsection.4.2.3}{Tori}{section.4.2}% 25
\BOOKMARK [0][-]{chapter.5}{Parallel Black Virus Decontamination in Chordal Rings}{}% 26
\BOOKMARK [1][-]{section.5.1}{Introduction}{chapter.5}% 27
\BOOKMARK [1][-]{section.5.2}{Shadowed Exploration}{chapter.5}% 28
\BOOKMARK [1][-]{section.5.3}{Surrounding and Elimination}{chapter.5}% 29
\BOOKMARK [2][-]{subsection.5.3.1}{Notifying Moving Agents}{section.5.3}% 30
\BOOKMARK [2][-]{subsection.5.3.2}{Overview of the Elimination}{section.5.3}% 31
\BOOKMARK [2][-]{subsection.5.3.3}{Destination Table and Elimination}{section.5.3}% 32
\BOOKMARK [0][-]{chapter.6}{Parallel Black Virus Decontamination in Arbitrary Graph}{}% 33
\BOOKMARK [1][-]{section.6.1}{Introduction}{chapter.6}% 34
\BOOKMARK [1][-]{section.6.2}{The Flood Strategy}{chapter.6}% 35
\BOOKMARK [1][-]{section.6.3}{Castle-First Strategy}{chapter.6}% 36
\BOOKMARK [2][-]{subsection.6.3.1}{ Introduction}{section.6.3}% 37
\BOOKMARK [2][-]{subsection.6.3.2}{ Initialization}{section.6.3}% 38
\BOOKMARK [2][-]{subsection.6.3.3}{ Exploration Phase}{section.6.3}% 39
\BOOKMARK [2][-]{subsection.6.3.4}{ Elimination Phase}{section.6.3}% 40
\BOOKMARK [0][-]{chapter.7}{Experimental Study on BVD in Arbitrary graph}{}% 41
\BOOKMARK [1][-]{section.7.1}{Introduction of the simulator}{chapter.7}% 42
\BOOKMARK [2][-]{subsection.7.1.1}{Simulation Model}{section.7.1}% 43
\BOOKMARK [2][-]{subsection.7.1.2}{Simulation Sample graph}{section.7.1}% 44
\BOOKMARK [1][-]{section.7.2}{Simulation Results}{chapter.7}% 45
\BOOKMARK [0][-]{chapter.8}{Concluding Remarks and Future Work}{}% 46
\BOOKMARK [1][-]{section.8.1}{Summary}{chapter.8}% 47
\BOOKMARK [1][-]{section.8.2}{Open Problems and Future Research}{chapter.8}% 48
